[2018-04-15 17:06:09,145][MainThread:140735888581440][task_id:education][education.py:20][INFO][更新管理员 root 信息成功！ ]
[2018-04-15 17:07:23,793][MainThread:140735888581440][task_id:education][education.py:20][INFO][更新学校 老男孩上海 信息成功！ ]
[2018-04-15 17:09:26,721][MainThread:140735888581440][task_id:education][education.py:20][INFO][更新学校 老男孩北京 信息成功！ ]
[2018-04-15 17:09:56,612][MainThread:140735888581440][task_id:education][education.py:20][INFO][更新课程 python 信息成功！ ]
[2018-04-15 17:10:18,871][MainThread:140735888581440][task_id:education][education.py:20][INFO][更新课程 linux 信息成功！ ]
[2018-04-15 17:10:41,757][MainThread:140735888581440][task_id:education][education.py:20][INFO][更新课程 go 信息成功！ ]
[2018-04-15 17:13:39,873][MainThread:140735888581440][task_id:education][education.py:20][INFO][更新老师 egon 信息成功！ ]
[2018-04-15 17:14:05,830][MainThread:140735888581440][task_id:education][education.py:20][INFO][更新老师 alex 信息成功！ ]
[2018-04-15 17:14:30,582][MainThread:140735888581440][task_id:education][education.py:20][INFO][更新老师 lqz 信息成功！ ]
[2018-04-15 17:19:43,498][MainThread:140735888581440][task_id:education][education.py:20][INFO][更新班级 上海Python全栈一期 信息成功！ ]
[2018-04-15 17:19:43,500][MainThread:140735888581440][task_id:education][education.py:20][INFO][更新班级 上海Python全栈一期 信息成功！ ]
[2018-04-15 17:21:01,568][MainThread:140735888581440][task_id:education][education.py:20][INFO][更新班级 上海Python全栈一期 信息成功！ ]
[2018-04-15 17:21:58,782][MainThread:140735888581440][task_id:education][education.py:20][INFO][更新班级 上海Linux运维一期 信息成功！ ]
[2018-04-15 17:22:26,362][MainThread:140735888581440][task_id:education][education.py:20][INFO][更新班级 北京Python全栈一期 信息成功！ ]
[2018-04-15 17:40:50,107][MainThread:140735888581440][task_id:education][education.py:47][INFO][删除课程 {} 信息成功！ ]
[2018-04-15 17:43:04,471][MainThread:140735888581440][task_id:education][education.py:22][INFO][更新学校 上海老男孩 信息成功！ ]
[2018-04-15 17:43:43,553][MainThread:140735888581440][task_id:education][education.py:22][INFO][更新课程 python 信息成功！ ]
[2018-04-15 17:43:56,019][MainThread:140735888581440][task_id:education][education.py:22][INFO][更新老师 egon 信息成功！ ]
[2018-04-15 17:44:26,127][MainThread:140735888581440][task_id:education][education.py:22][INFO][更新老师 egon 信息成功！ ]
[2018-04-15 17:44:26,130][MainThread:140735888581440][task_id:education][education.py:22][INFO][更新班级 上海Python全栈一期 信息成功！ ]
[2018-04-15 17:55:04,265][MainThread:140735888581440][task_id:education][education.py:22][INFO][更新学生 zane 信息成功！ ]
[2018-04-15 18:01:38,891][MainThread:140735888581440][task_id:education][education.py:22][INFO][更新学生 zane 信息成功！ ]
[2018-04-15 18:03:22,790][MainThread:140735888581440][task_id:education][education.py:22][INFO][更新学生 zane 信息成功！ ]
[2018-04-15 18:04:46,079][MainThread:140735888581440][task_id:education][education.py:22][INFO][更新班级 上海Python全栈一期 信息成功！ ]
[2018-04-15 18:04:46,081][MainThread:140735888581440][task_id:education][education.py:22][INFO][更新学生 zane 信息成功！ ]
[2018-04-15 18:08:04,348][MainThread:140735888581440][task_id:education][education.py:22][INFO][更新班级 上海Python全栈一期 信息成功！ ]
[2018-04-15 18:08:04,350][MainThread:140735888581440][task_id:education][education.py:22][INFO][更新学生 zane 信息成功！ ]
[2018-04-15 18:13:35,406][MainThread:140735888581440][task_id:education][education.py:22][INFO][更新老师 egon 信息成功！ ]
[2018-04-15 18:13:35,407][MainThread:140735888581440][task_id:education][education.py:22][INFO][更新班级 上海Python全栈一期 信息成功！ ]
[2018-04-15 18:13:53,843][MainThread:140735888581440][task_id:education][education.py:22][INFO][更新班级 上海Python全栈一期 信息成功！ ]
[2018-04-15 18:13:53,845][MainThread:140735888581440][task_id:education][education.py:22][INFO][更新学生 zane 信息成功！ ]
[2018-04-15 18:36:08,441][MainThread:140735888581440][task_id:education][education.py:22][INFO][更新学生 zane 信息成功！ ]
