[2018-04-23 17:30:49,485][MainThread:140736039506752][task_id:admin_api][admin_api.py:25][INFO][管理员admin注册成功！]
[2018-04-23 17:31:13,740][MainThread:140736039506752][task_id:admin_api][admin_api.py:14][INFO][管理员admin登陆成功！]
[2018-04-23 17:34:30,622][MainThread:140736039506752][task_id:admin_api][admin_api.py:14][INFO][管理员admin登陆成功！]
[2018-04-23 17:35:46,461][MainThread:140736039506752][task_id:admin_api][admin_api.py:14][INFO][管理员admin登陆成功！]
[2018-04-23 17:37:25,245][MainThread:140736039506752][task_id:admin_api][admin_api.py:14][INFO][管理员admin登陆成功！]
[2018-04-23 17:39:38,989][MainThread:140736039506752][task_id:admin_api][admin_api.py:14][INFO][管理员admin登陆成功！]
[2018-04-23 17:40:34,654][MainThread:140736039506752][task_id:admin_api][admin_api.py:14][INFO][管理员admin登陆成功！]
[2018-04-23 17:42:37,720][MainThread:140736039506752][task_id:admin_api][admin_api.py:14][INFO][管理员admin登陆成功！]
[2018-04-23 17:44:13,404][MainThread:140736039506752][task_id:admin_api][admin_api.py:14][INFO][管理员admin登陆成功！]
[2018-04-23 17:46:02,947][MainThread:140736039506752][task_id:admin_api][admin_api.py:14][INFO][管理员admin登陆成功！]
[2018-04-23 17:47:30,284][MainThread:140736039506752][task_id:admin_api][admin_api.py:14][INFO][管理员admin登陆成功！]
[2018-04-23 17:48:25,772][MainThread:140736039506752][task_id:admin_api][admin_api.py:14][INFO][管理员admin登陆成功！]
[2018-04-23 17:49:35,519][MainThread:140736039506752][task_id:admin_api][admin_api.py:14][INFO][管理员admin登陆成功！]
[2018-04-23 17:51:14,091][MainThread:140736039506752][task_id:admin_api][admin_api.py:14][INFO][管理员admin登陆成功！]
[2018-04-23 17:52:34,649][MainThread:140736039506752][task_id:admin_api][admin_api.py:14][INFO][管理员admin登陆成功！]
[2018-04-23 17:54:47,128][MainThread:140736039506752][task_id:admin_api][admin_api.py:14][INFO][管理员admin登陆成功！]
[2018-04-23 17:56:38,158][MainThread:140736039506752][task_id:admin_api][admin_api.py:14][INFO][管理员admin登陆成功！]
[2018-04-23 17:58:53,271][MainThread:140736039506752][task_id:admin_api][admin_api.py:14][INFO][管理员admin登陆成功！]
[2018-04-23 18:04:15,302][MainThread:140736039506752][task_id:admin_api][admin_api.py:14][INFO][管理员admin登陆成功！]
[2018-04-23 18:04:21,665][MainThread:140736039506752][task_id:admin_api][admin_api.py:66][INFO][管理员 admin 获取学校信息！]
[2018-04-23 18:04:21,665][MainThread:140736039506752][task_id:admin_api][admin_api.py:66][INFO][管理员 admin 获取学校信息！]
[2018-04-23 18:04:23,532][MainThread:140736039506752][task_id:admin_api][admin_api.py:70][INFO][管理员 admin 获取老师信息！]
[2018-04-23 18:04:23,534][MainThread:140736039506752][task_id:admin_api][admin_api.py:70][INFO][管理员 admin 获取老师信息！]
[2018-04-23 18:04:24,479][MainThread:140736039506752][task_id:admin_api][admin_api.py:74][INFO][管理员 admin 获取课程信息！]
[2018-04-23 18:05:28,923][MainThread:140736039506752][task_id:admin_api][admin_api.py:14][INFO][管理员admin登陆成功！]
[2018-04-23 18:05:30,474][MainThread:140736039506752][task_id:admin_api][admin_api.py:66][INFO][管理员 admin 获取学校北京老男孩信息！]
[2018-04-23 18:05:30,474][MainThread:140736039506752][task_id:admin_api][admin_api.py:66][INFO][管理员 admin 获取学校上海老男孩信息！]
[2018-04-23 18:05:31,076][MainThread:140736039506752][task_id:admin_api][admin_api.py:70][INFO][管理员 admin 获取老师alex信息！]
[2018-04-23 18:05:31,076][MainThread:140736039506752][task_id:admin_api][admin_api.py:70][INFO][管理员 admin 获取老师egon信息！]
[2018-04-23 18:05:31,771][MainThread:140736039506752][task_id:admin_api][admin_api.py:74][INFO][管理员 admin 获取课程Python全栈一期信息！]
