[2018-04-07 01:29:09,250][MainThread:140736161489728][task_id:utils][utils.py:44][ERROR][mkdir /Users/Zane/PycharmProjects/zane/shooping_mall/db/users/egon error]
[2018-04-07 01:32:06,505][MainThread:140736161489728][task_id:shopping][app.py:113][INFO][用户egon注册成功！]
[2018-04-07 01:32:28,562][MainThread:140736161489728][task_id:shopping][app.py:113][INFO][用户alex注册成功！]
[2018-04-07 01:37:29,415][MainThread:140736161489728][task_id:shopping][app.py:157][INFO][用户egon登陆成功！]
[2018-04-07 01:37:56,469][MainThread:140736161489728][task_id:shopping][app.py:157][INFO][用户egon登陆成功！]
[2018-04-07 01:37:57,988][MainThread:140736161489728][task_id:shopping][app.py:674][INFO][操作编码非法！]
[2018-04-07 01:37:59,893][MainThread:140736161489728][task_id:shopping][app.py:674][INFO][操作编码非法！]
[2018-04-07 01:38:01,773][MainThread:140736161489728][task_id:shopping][app.py:674][INFO][操作编码非法！]
[2018-04-07 01:38:03,008][MainThread:140736161489728][task_id:shopping][app.py:674][INFO][操作编码非法！]
[2018-04-07 01:38:13,632][MainThread:140736161489728][task_id:shopping][app.py:47][INFO][用户egon退出登录成功！]
[2018-04-07 01:38:34,103][MainThread:140736161489728][task_id:shopping][app.py:24][WARNING][用户None没有登录，请您先登录！]
[2018-04-07 01:39:07,780][MainThread:140736161489728][task_id:shopping][app.py:24][WARNING][用户None没有登录，请您先登录！]
[2018-04-07 01:39:10,600][MainThread:140736161489728][task_id:shopping][app.py:47][INFO][用户None退出登录成功！]
[2018-04-07 01:39:22,473][MainThread:140736161489728][task_id:shopping][app.py:674][INFO][操作编码非法！]
[2018-04-07 01:39:28,103][MainThread:140736161489728][task_id:shopping][app.py:157][INFO][用户egon登陆成功！]
[2018-04-07 01:39:30,978][MainThread:140736161489728][task_id:shopping][app.py:47][INFO][用户egon退出登录成功！]
[2018-04-07 01:39:43,168][MainThread:140736161489728][task_id:shopping][app.py:157][INFO][用户egon登陆成功！]
[2018-04-07 01:39:50,396][MainThread:140736161489728][task_id:shopping][app.py:50][INFO][请您进入购物车确认商品，并下单支付！]
[2018-04-07 01:39:53,512][MainThread:140736161489728][task_id:shopping][app.py:674][INFO][操作编码非法！]
[2018-04-07 01:40:08,699][MainThread:140736161489728][task_id:shopping][app.py:674][INFO][操作编码非法！]
[2018-04-07 01:40:09,566][MainThread:140736161489728][task_id:shopping][app.py:674][INFO][操作编码非法！]
[2018-04-07 01:41:06,098][MainThread:140736161489728][task_id:shopping][app.py:24][WARNING][用户None没有登录，请您先登录！]
[2018-04-07 01:41:07,472][MainThread:140736161489728][task_id:shopping][app.py:24][WARNING][用户None没有登录，请您先登录！]
[2018-04-07 01:41:32,774][MainThread:140736161489728][task_id:shopping][app.py:47][INFO][用户None退出登录成功！]
[2018-04-07 01:42:00,246][MainThread:140736161489728][task_id:shopping][app.py:675][INFO][操作编码非法！]
[2018-04-07 01:42:05,082][MainThread:140736161489728][task_id:shopping][app.py:675][INFO][操作编码非法！]
[2018-04-07 01:42:05,082][MainThread:140736161489728][task_id:shopping][app.py:675][INFO][操作编码非法！]
[2018-04-07 01:44:57,539][MainThread:140736161489728][task_id:shopping][app.py:680][INFO][操作编码非法！]
[2018-04-07 01:44:57,539][MainThread:140736161489728][task_id:shopping][app.py:680][INFO][操作编码非法！]
[2018-04-07 01:44:58,877][MainThread:140736161489728][task_id:shopping][app.py:680][INFO][操作编码非法！]
[2018-04-07 01:45:03,985][MainThread:140736161489728][task_id:shopping][app.py:680][INFO][操作编码非法！]
[2018-04-07 01:45:05,187][MainThread:140736161489728][task_id:shopping][app.py:680][INFO][操作编码非法！]
[2018-04-07 01:46:47,277][MainThread:140736161489728][task_id:shopping][app.py:24][WARNING][用户None没有登录，请您先登录！]
[2018-04-07 01:47:14,438][MainThread:140736161489728][task_id:shopping][app.py:24][WARNING][用户None没有登录，请您先登录！]
[2018-04-07 01:47:31,689][MainThread:140736161489728][task_id:shopping][app.py:24][WARNING][用户None没有登录，请您先登录！]
[2018-04-07 01:47:48,682][MainThread:140736161489728][task_id:shopping][app.py:24][WARNING][用户None没有登录，请您先登录！]
[2018-04-07 01:48:01,059][MainThread:140736161489728][task_id:shopping][app.py:155][WARNING][用户alex密码错误！]
[2018-04-07 01:48:10,224][MainThread:140736161489728][task_id:shopping][app.py:157][INFO][用户egon登陆成功！]
[2018-04-07 01:48:29,113][MainThread:140736161489728][task_id:shopping][app.py:632][INFO][操作编码非法！]
[2018-04-07 01:49:41,682][MainThread:140736161489728][task_id:shopping][app.py:157][INFO][用户egon登陆成功！]
[2018-04-07 01:50:06,767][MainThread:140736161489728][task_id:shopping][app.py:157][INFO][用户egon登陆成功！]
[2018-04-07 01:50:31,545][MainThread:140736161489728][task_id:shopping][app.py:157][INFO][用户egon登陆成功！]
[2018-04-07 09:14:48,743][MainThread:140736161489728][task_id:shopping][app.py:157][INFO][用户egon登陆成功！]
[2018-04-07 09:16:08,229][MainThread:140736161489728][task_id:shopping][app.py:157][INFO][用户egon登陆成功！]
[2018-04-07 09:16:46,034][MainThread:140736161489728][task_id:shopping][app.py:157][INFO][用户egon登陆成功！]
[2018-04-07 09:17:39,506][MainThread:140736161489728][task_id:shopping][app.py:158][INFO][用户egon登陆成功！]
[2018-04-07 09:18:15,263][MainThread:140736161489728][task_id:shopping][app.py:158][INFO][用户egon登陆成功！]
[2018-04-07 09:18:20,619][MainThread:140736161489728][task_id:shopping][app.py:226][INFO][用户egon账户余额不足，使用信用卡余额消费！]
[2018-04-07 09:18:53,974][MainThread:140736161489728][task_id:shopping][app.py:226][INFO][用户egon账户余额不足，使用信用卡余额消费！]
[2018-04-07 09:19:08,010][MainThread:140736161489728][task_id:shopping][app.py:202][WARNING][输入商品编号非法！]
[2018-04-07 09:19:23,458][MainThread:140736161489728][task_id:shopping][app.py:226][INFO][用户egon账户余额不足，使用信用卡余额消费！]
[2018-04-07 09:19:25,055][MainThread:140736161489728][task_id:shopping][app.py:202][WARNING][输入商品编号非法！]
[2018-04-07 09:19:45,005][MainThread:140736161489728][task_id:shopping][app.py:202][WARNING][输入商品编号非法！]
[2018-04-07 09:20:02,238][MainThread:140736161489728][task_id:shopping][app.py:202][WARNING][输入商品编号非法！]
[2018-04-07 09:20:02,238][MainThread:140736161489728][task_id:shopping][app.py:202][WARNING][输入商品编号非法！]
[2018-04-07 09:20:07,551][MainThread:140736161489728][task_id:shopping][app.py:226][INFO][用户egon账户余额不足，使用信用卡余额消费！]
[2018-04-07 09:20:15,558][MainThread:140736161489728][task_id:shopping][app.py:50][INFO][请您进入购物车确认商品，并下单支付！]
[2018-04-07 09:29:08,814][MainThread:140736161489728][task_id:shopping][app.py:158][INFO][用户egon登陆成功！]
[2018-04-07 09:29:13,551][MainThread:140736161489728][task_id:shopping][app.py:226][INFO][用户egon账户余额不足，使用信用卡余额消费！]
[2018-04-07 09:29:22,233][MainThread:140736161489728][task_id:shopping][app.py:202][WARNING][输入商品编号非法！]
[2018-04-07 09:29:22,234][MainThread:140736161489728][task_id:shopping][app.py:202][WARNING][输入商品编号非法！]
[2018-04-07 09:29:22,388][MainThread:140736161489728][task_id:shopping][app.py:202][WARNING][输入商品编号非法！]
[2018-04-07 09:30:23,045][MainThread:140736161489728][task_id:shopping][app.py:158][INFO][用户egon登陆成功！]
[2018-04-07 09:30:27,622][MainThread:140736161489728][task_id:shopping][app.py:226][INFO][用户egon使用信用卡支付！]
[2018-04-07 09:31:09,004][MainThread:140736161489728][task_id:shopping][app.py:158][INFO][用户egon登陆成功！]
[2018-04-07 09:31:12,121][MainThread:140736161489728][task_id:shopping][app.py:226][INFO][用户egon使用信用卡支付！]
[2018-04-07 09:31:12,121][MainThread:140736161489728][task_id:shopping][app.py:231][INFO][账户余额: 0 信用卡余额: 48000 购物车: {'mac': {'code': '1', 'price': 2000, 'count': 1}} ]
[2018-04-07 09:31:25,547][MainThread:140736161489728][task_id:shopping][app.py:226][INFO][用户egon使用信用卡支付！]
[2018-04-07 09:31:25,547][MainThread:140736161489728][task_id:shopping][app.py:231][INFO][账户余额: 0 信用卡余额: 46000 购物车: {'mac': {'code': '1', 'price': 2000, 'count': 1}, 'lenovo': {'code': '2', 'price': 1000, 'count': 2}} ]
[2018-04-07 09:31:29,371][MainThread:140736161489728][task_id:shopping][app.py:226][INFO][用户egon使用信用卡支付！]
[2018-04-07 09:31:29,372][MainThread:140736161489728][task_id:shopping][app.py:231][INFO][账户余额: 0 信用卡余额: 26000 购物车: {'mac': {'code': '1', 'price': 2000, 'count': 1}, 'lenovo': {'code': '2', 'price': 1000, 'count': 2}, 'apple': {'code': '3', 'price': 200, 'count': 100}} ]
[2018-04-07 09:31:47,631][MainThread:140736161489728][task_id:shopping][app.py:158][INFO][用户egon登陆成功！]
[2018-04-07 09:32:37,664][MainThread:140736161489728][task_id:shopping][app.py:226][INFO][用户egon使用信用卡支付！]
[2018-04-07 09:33:23,804][MainThread:140736161489728][task_id:shopping][app.py:50][INFO][请您进入购物车确认商品，并下单支付！]
[2018-04-07 09:34:36,822][MainThread:140736161489728][task_id:shopping][app.py:71][WARNING][两次输入密码不一致！]
[2018-04-07 09:34:43,250][MainThread:140736161489728][task_id:shopping][app.py:47][INFO][用户None退出登录成功！]
[2018-04-07 09:36:16,244][MainThread:140736161489728][task_id:shopping][app.py:158][INFO][用户egon登陆成功！]
[2018-04-07 09:36:39,067][MainThread:140736161489728][task_id:shopping][app.py:71][WARNING][两次输入密码不一致！]
[2018-04-07 09:36:48,078][MainThread:140736161489728][task_id:shopping][app.py:47][INFO][用户None退出登录成功！]
[2018-04-07 09:37:17,335][MainThread:140736161489728][task_id:shopping][app.py:47][INFO][用户None退出登录成功！]
[2018-04-07 09:43:30,364][MainThread:140736161489728][task_id:shopping][app.py:47][INFO][用户None退出登录成功！]
[2018-04-07 09:44:55,083][MainThread:140736161489728][task_id:shopping][app.py:50][INFO][程序退出登录成功！]
[2018-04-07 09:45:02,445][MainThread:140736161489728][task_id:shopping][app.py:690][INFO][操作编码非法！]
[2018-04-07 09:45:18,182][MainThread:140736161489728][task_id:shopping][app.py:50][INFO][程序退出登录成功！]
[2018-04-07 09:45:41,359][MainThread:140736161489728][task_id:shopping][app.py:50][INFO][程序退出登录成功！]
[2018-04-07 09:46:43,772][MainThread:140736161489728][task_id:shopping][app.py:50][INFO][程序退出登录成功！]
[2018-04-07 09:46:46,388][MainThread:140736161489728][task_id:shopping][app.py:692][INFO][操作编码非法！]
[2018-04-07 09:46:48,487][MainThread:140736161489728][task_id:shopping][app.py:692][INFO][操作编码非法！]
[2018-04-07 09:46:48,633][MainThread:140736161489728][task_id:shopping][app.py:692][INFO][操作编码非法！]
[2018-04-07 09:46:50,318][MainThread:140736161489728][task_id:shopping][app.py:692][INFO][操作编码非法！]
[2018-04-07 12:49:11,101][MainThread:140736161489728][task_id:shopping][app.py:105][WARNING][用户egon已经注册，请直接登陆！]
[2018-04-07 12:49:15,887][MainThread:140736161489728][task_id:shopping][app.py:694][INFO][操作编码非法！]
[2018-04-07 12:49:15,888][MainThread:140736161489728][task_id:shopping][app.py:694][INFO][操作编码非法！]
[2018-04-07 12:49:45,265][MainThread:140736161489728][task_id:shopping][app.py:105][WARNING][用户egon已经注册，请直接登陆！]
[2018-04-07 12:49:46,646][MainThread:140736161489728][task_id:shopping][app.py:693][INFO][操作编码非法！]
[2018-04-07 12:49:51,438][MainThread:140736161489728][task_id:shopping][app.py:167][INFO][用户egon登陆成功！]
[2018-04-07 12:49:54,090][MainThread:140736161489728][task_id:shopping][app.py:693][INFO][操作编码非法！]
[2018-04-07 12:49:56,137][MainThread:140736161489728][task_id:shopping][app.py:693][INFO][操作编码非法！]
[2018-04-07 12:50:05,316][MainThread:140736161489728][task_id:shopping][app.py:155][INFO][用户egon已经是登陆状态！]
[2018-04-07 12:50:11,313][MainThread:140736161489728][task_id:shopping][app.py:235][INFO][用户egon使用信用卡支付！]
[2018-04-07 12:50:11,313][MainThread:140736161489728][task_id:shopping][app.py:240][INFO][账户余额: 0 信用卡余额: 48000 购物车: {'mac': {'code': '1', 'price': 2000, 'count': 1}} 
]
[2018-04-07 12:50:12,864][MainThread:140736161489728][task_id:shopping][app.py:235][INFO][用户egon使用信用卡支付！]
[2018-04-07 12:50:12,864][MainThread:140736161489728][task_id:shopping][app.py:240][INFO][账户余额: 0 信用卡余额: 46000 购物车: {'mac': {'code': '1', 'price': 2000, 'count': 1}, 'lenovo': {'code': '2', 'price': 1000, 'count': 2}} 
]
[2018-04-07 12:50:14,851][MainThread:140736161489728][task_id:shopping][app.py:235][INFO][用户egon使用信用卡支付！]
[2018-04-07 12:50:14,851][MainThread:140736161489728][task_id:shopping][app.py:240][INFO][账户余额: 0 信用卡余额: 26000 购物车: {'mac': {'code': '1', 'price': 2000, 'count': 1}, 'lenovo': {'code': '2', 'price': 1000, 'count': 2}, 'apple': {'code': '3', 'price': 200, 'count': 100}} 
]
[2018-04-07 12:50:20,498][MainThread:140736161489728][task_id:shopping][app.py:235][INFO][用户egon使用信用卡支付！]
[2018-04-07 12:50:20,498][MainThread:140736161489728][task_id:shopping][app.py:240][INFO][账户余额: 0 信用卡余额: 6000 购物车: {'mac': {'code': '1', 'price': 2000, 'count': 1}, 'lenovo': {'code': '2', 'price': 1000, 'count': 2}, 'apple': {'code': '3', 'price': 200, 'count': 200}} 
]
[2018-04-07 12:50:25,528][MainThread:140736161489728][task_id:shopping][app.py:53][INFO][请您进入购物车确认商品，并下单支付！]
[2018-04-17 15:34:48,221][MainThread:140735624860480][task_id:shopping][app.py:23][WARNING][用户None没有登录，请您先登录！]
[2018-04-17 15:34:54,589][MainThread:140735624860480][task_id:shopping][app.py:168][INFO][用户egon登陆成功！]
