[2018-04-23 20:54:31,502][MainThread:140736039506752][task_id:admin_api][admin_api.py:24][INFO][管理员admin注册成功！]
[2018-04-23 20:54:42,580][MainThread:140736039506752][task_id:admin_api][admin_api.py:13][INFO][管理员admin登陆成功！]
[2018-04-23 20:57:24,132][MainThread:140736039506752][task_id:admin_api][admin_api.py:13][INFO][管理员admin登陆成功！]
[2018-04-23 20:58:17,537][MainThread:140736039506752][task_id:admin_api][admin_api.py:13][INFO][管理员admin登陆成功！]
[2018-04-23 20:58:26,973][MainThread:140736039506752][task_id:admin_api][admin_api.py:48][INFO][管理员admin创建学校上海老男孩成功！]
[2018-04-23 20:58:31,736][MainThread:140736039506752][task_id:admin_api][admin_api.py:60][INFO][管理员admin创建老师egon成功！]
[2018-04-23 20:59:30,882][MainThread:140736039506752][task_id:admin_api][admin_api.py:72][INFO][管理员admin创建课程Python全栈一期成功！]
[2018-04-23 20:59:33,106][MainThread:140736039506752][task_id:admin_api][admin_api.py:31][INFO][管理员admin获取学校上海老男孩信息！]
[2018-04-23 20:59:34,577][MainThread:140736039506752][task_id:admin_api][admin_api.py:35][INFO][管理员admin获取老师egon信息！]
[2018-04-23 20:59:38,212][MainThread:140736039506752][task_id:admin_api][admin_api.py:39][INFO][管理员admin获取课程Python全栈一期信息！]
[2018-04-23 20:59:48,123][MainThread:140736039506752][task_id:admin_api][admin_api.py:13][INFO][管理员admin登陆成功！]
[2018-04-23 21:00:34,076][MainThread:140736039506752][task_id:admin_api][admin_api.py:48][INFO][管理员admin创建学校北京老男孩成功！]
[2018-04-23 21:00:37,136][MainThread:140736039506752][task_id:admin_api][admin_api.py:60][INFO][管理员admin创建老师alex成功！]
[2018-04-23 21:01:39,257][MainThread:140736039506752][task_id:admin_api][admin_api.py:72][INFO][管理员admin创建课程Linux自动化运维一期成功！]
[2018-04-23 21:01:44,492][MainThread:140736039506752][task_id:admin_api][admin_api.py:31][INFO][管理员admin获取学校北京老男孩信息！]
[2018-04-23 21:01:44,493][MainThread:140736039506752][task_id:admin_api][admin_api.py:31][INFO][管理员admin获取学校上海老男孩信息！]
[2018-04-23 21:01:45,831][MainThread:140736039506752][task_id:admin_api][admin_api.py:35][INFO][管理员admin获取老师alex信息！]
[2018-04-23 21:01:45,831][MainThread:140736039506752][task_id:admin_api][admin_api.py:35][INFO][管理员admin获取老师egon信息！]
[2018-04-23 21:01:46,877][MainThread:140736039506752][task_id:admin_api][admin_api.py:39][INFO][管理员admin获取课程Python全栈一期信息！]
[2018-04-23 21:01:46,878][MainThread:140736039506752][task_id:admin_api][admin_api.py:39][INFO][管理员admin获取课程Linux自动化运维一期信息！]
[2018-04-24 15:38:59,896][MainThread:140736039506752][task_id:admin_api][admin_api.py:13][INFO][管理员admin登陆成功！]
[2018-04-24 15:39:01,454][MainThread:140736039506752][task_id:admin_api][admin_api.py:31][INFO][管理员admin获取学校北京老男孩信息！]
[2018-04-24 15:39:01,455][MainThread:140736039506752][task_id:admin_api][admin_api.py:31][INFO][管理员admin获取学校上海老男孩信息！]
[2018-04-24 15:39:02,397][MainThread:140736039506752][task_id:admin_api][admin_api.py:35][INFO][管理员admin获取老师alex信息！]
[2018-04-24 15:39:02,398][MainThread:140736039506752][task_id:admin_api][admin_api.py:35][INFO][管理员admin获取老师egon信息！]
[2018-04-24 15:39:03,213][MainThread:140736039506752][task_id:admin_api][admin_api.py:39][INFO][管理员admin获取课程Python全栈一期信息！]
[2018-04-24 15:39:03,214][MainThread:140736039506752][task_id:admin_api][admin_api.py:39][INFO][管理员admin获取课程Linux自动化运维一期信息！]
[2018-04-24 16:16:12,250][MainThread:140736039506752][task_id:admin_api][admin_api.py:13][INFO][管理员admin登陆成功！]
[2018-04-24 16:16:20,395][MainThread:140736039506752][task_id:admin_api][admin_api.py:31][INFO][管理员admin获取学校北京老男孩信息！]
[2018-04-24 16:16:20,397][MainThread:140736039506752][task_id:admin_api][admin_api.py:31][INFO][管理员admin获取学校上海老男孩信息！]
[2018-04-24 16:16:21,117][MainThread:140736039506752][task_id:admin_api][admin_api.py:35][INFO][管理员admin获取老师alex信息！]
[2018-04-24 16:16:21,119][MainThread:140736039506752][task_id:admin_api][admin_api.py:35][INFO][管理员admin获取老师egon信息！]
[2018-04-24 16:16:21,731][MainThread:140736039506752][task_id:admin_api][admin_api.py:39][INFO][管理员admin获取课程Python全栈一期信息！]
[2018-04-24 16:16:21,732][MainThread:140736039506752][task_id:admin_api][admin_api.py:39][INFO][管理员admin获取课程Linux自动化运维一期信息！]
