python 3-15 笔记

一、计算机基础
1 Python 是编程语言
  语言：一种事物与另一种事物沟通的介质
            编程语言是程序员与计算机沟通的介质

  什么是编程：
        就是程序员用计算机所能理解的表达方式（编程语言），把自己的思维逻辑写下来，编程的结果就是一堆文件

  为什么要编程？
        让计算机按照人的逻辑执行程序，取代人力

2 完整的计算机系统：
       应用程序
       操作系统
       计算机硬件

3 计算机硬件：（计算机是奴隶）
      1）计算机五大组件
              控制器
              运算器
              存储器I/O：内存+外存
              输入设备
              输出设备

      2）CPU
            控制器+运算器 = CPU
            功能：控制+运算
            工作方式：取指 —> 分析 —> 执行

            软件的执行都是CPU执行，强调所有的软件最终都要转换成CPU的指令集去执行

           CPU具有向下兼容性：64位可以兼容32位的CPU
           CPU总结重点：
                CPU的功能
                CPU从内存取数据
                x86架构  64位

      3)  内存
            RAM
            ROM
            Flash
            CMOS

      4）硬盘
            SSD
            磁盘
            磁带

4  二进制
            十进制：9+1=10   10+1=11   11+1=12          123   1x10^2+2x10^1+3x10^0
            二进制：1+1=10    10+1=11   11+1=100       1111   1x2^4-1=15   13取余倒着写  1101

            一个二进制位成为一个bit： 111 —> 3个bit位
            8bit = 1 Byte
            1024Bytes = 1Mb
            1024Mb = 1Gb
            1024Gb = 1Pb

            1Gb=1000x1000x1000x8b  磁盘厂商计量

5 硬件I/O
           CPU: 500 MIPS       million instruction per second

           磁盘：
                    平均寻道时间：5ms
                    平均延迟时间：60/7200=8ms/2=4ms   60/10000=6ms/2=5ms

6 操作系统
        启动流程：
             加电
             —> BIOS  
             —> 检测硬件 —> CMOS（寻找启动盘） 
             —>  读取启动盘的第一个扇区（启动扇区：446引导信息 64分区信息 2结束位标志）
             —> 加载 bootLoader
             —> 加载操作系统内核（接管BIOS的任务，控制计算机）
              

  
            











