python 4-23 笔记

本周课程
1. 基于UDP协议通信的套接字；
2. 并发编程：
    进程；
    线程；
    IO模型；
3. SocketServer模块（进程，线程，IO模型）

回顾
1. 基于TCP协议的套接字；

新笔记
1. 基于UDP的套接字
2. UDP查询DNS域名解析
3. 并发编程
    1）什么是程序？
        程序就是一堆文件；
        进程是一个正在执行的过程/程序；

        所以说进程是一个抽象的概念；
        进程的概念，起源于操作系统；
    2）什么是操作系统？
        操作系统就是一个协调、管理和控制计算机硬件资源和软件资源的控制程序。
        功能：
            a. 把复杂的硬件操作封装成简单的接口，提供给应用程序使用；
            b. 把应用程序对硬件的竞态请求有序化；
    3）多道技术
        多道的产生背景，是想要在单个CPU的情况下，实现多个进程并发执行的效果；
        空间上的复用：
            复用内存的空间；
        时间上的复用：
            复用CPU的时间；
            CPU遇到IO操作要切换（提升效率）
            一个进程占用CPU时间过长也切（降低效率）
    4）分时系统
        多个联机终端+多道技术；
        进程与进程的内存空间是互相隔离的；
























