python 4-11 笔记

回顾
1. hashlib模块
    什么是hash？
        hash 是一种算法，该算法用来校验一段内容，得到一串hash值。
    hash具有以下特点：
        1）只要传入的内容一样，得到的hash值必然一样 --> 校验文件的完整性；
        2）不能反解 --> 可以对明文密码进行hash校验，得到的hash值进行传输；
        3）只要hash算法一定，无论校验内容有多大，hash值的长度不变 --> hash值的大小并不会影响到网络传输；

新笔记
1. 类
    含义：类是一系列对象的相同的特征与技能的结合体；类，也可以说就是数据类型；
    定义：
        1）在现实生活中：现实中对象 --> 总结归纳 --> 现实中类；
        2）在程序中：必须先定义类 --> 调用类  --> 程序中对象；
    特点：
        在类定义阶段就会立刻执行类体代码；

2. 类的使用
    1）调用类：
        调用类会产生类的实例，这个过程也成为类的实例化；
    2）类调用步骤：
        a. 首先产生一个空对象obj；
        b. 会自动触发类内部的 __init__方法；
        c. 然后将空对象连同调用类时，括号内的参数组成（obj, args1, args2）一起传给类的__init__方法；
    3）类内部定义的变量是给所有对象共享，所有对象指向的都是同一个内存地址；
    4）类内部定义的函数：
        a. 类可以使用，但在使用的时候，函数有几个参数就需要传几个参数；
        b. 主要是给对象使用的，而且是绑定给对象使用。绑定给不同的对象，就是不同的方法；
    5）绑定方法的特殊之处，在于说来调用，就把谁当做第一个参数自动传入方法中；














