python 3-27 笔记

一、函数的参数
1、形参与实参是什么?
    定义：形参即变量名，实参即变量值。
    重点：函数调用时，将值绑定到变量名上，函数调用结束，解除绑定。
    例子：
        def foo(x, y):         # x, y 是形参
            pass
        foo(10, 11)            # 10，11 是实参   
    1）位置参数： 实参
        a. 按照从左到右的顺序定义的参数
        b. 位置形参：必选参数；                   
        c. 位置实参：按照位置给形参传值；
    2）关键字参数：实参
        a. 按照key=value的形式定义的实参；
        b. 无需按照位置为形参传值；
        c. 注意：
            关键字实参必须在位置实参右面；
            对同一个形参不能重复传值；
    3）默认参数：形参
        a. 形参在定义时就已经为其赋值
        b. 可以传值也可以不传值;
        c. 经常需要变得参数定义成位置形参;
        d. 变化较小的参数定义成默认参数（形参）；
        e. 注意：
            默认参数只在定义时赋值一次；
            默认参数的定义应该在位置形参右面；
            默认参数通常应该定义成不可变类型；
    4）可变长参数：形参
        a. 可变长指的是实参值的个数不固定；
        b. 而实参有按位置和按关键字两种形式定义，针对这两种形式的可变长，形参对应有两种解决方案来完整地存放它们，分别是*args，**kwargs；
    5）命名关键字参数： 形参
        a. *后定义的参数，必须被传值（有默认值的除外），且必须按照关键字实参的形式传递
        b. 可以保证，传入的参数中一定包含某些关键字；






