
设计程序流程
    1. 需求分析；
        1）客户提需求，确定需求；
        2）内部讨论需求，并和客户确定需求的定稿；
    2. 根据需求分析，设计程序以及程序的架构；
    3. 分任务开发；
    4. 测试；
    5. 上线运行；

一、 需求分析
1）用户提需求
    模拟实现一个ATM + 购物商城程序

    额度 15000 或自定义                                                  --> 注册
    实现购物商城，买东西加入 购物车，调用信用卡接口结账                        --> 购物，支付
    可以提现，手续费5%                                                    --> 提现
    支持多账户登录                                                        --> 登陆
    支持账户间转账                                                        --> 转账
    记录每月日常消费流水                                                   --> 记录流水
    提供还款接口                                                          --> 还款
    ATM记录操作日志                                                       --> 日志
    提供管理接口，包括添加账户、用户额度，冻结账户等。。。                      --> 添加账号，冻结账户  
    用户认证用装饰器                                                      --> 装饰器

2）需求定稿
    1. 登陆；
    2. 注册；
    3. 查看余额；
    4. 转账；
    5. 还款；
    6. 取款；
    7. 查看流水；
    8. 购物；
    9. 查看购买商品；

二、设计程序架构
    优点：
        1. 逻辑清晰，每层代码量减少；
        2. 程序耦合度低，可扩展性高；
    1）用户功能层
        1. 登陆；
        2. 注册；
        3. 查看余额；
        4. 转账；
        5. 还款；
        6. 取款；
        7. 查看流水；
        8. 购物；
        9. 查看购买商品；
    2）接口层                                     ===> 获取 Logger 对象，读写日志
        1. User
            登陆、注册
        2. Bank
            转账、取款、查看流水
        3. Shop
            购物、查看商品
    3）数据操作层
        增删查改





