网络编程和并发编程的总结

一、网络编程
    目标：编写一个C/S或B/S架构的基于网络通信的软件；

    1. C/S B/S  
    server  <==========>  client
    服务器特点：
        1）不间断提供服务；
        2）服务端要支持并发+高性能；

    2. 互联网
        互联网 = 物理连接介质+互联网协议（OSI七层）

        tcp三次握手、四次挥手
        tcp可靠，但不如udp效率高；
        udp不可靠，但效率高；

    3. socket
        socket 抽象层位于传输层与应用层之间

    4. 基于TCP协议的套接字通信
        加上连接循环；
        加上通信循环；

    5. 粘包问题
        tcp流式协议独有的粘包问题：
            解决方法： 自定义包头
        udp数据报协议没有粘包问题

    6. 远程执行命令的小工具/上传下载的程序

    7. 基于UDP协议的套接字通信

二、并发编程
    目标：让服务端支持高并发+高性能
    
