[2018-04-13 15:52:53,435][MainThread:140736190567232][task_id:test][settings.py:76][INFO][Hello World!]
[2018-04-13 19:08:01,498][MainThread:140735888581440][task_id:db_handler][db_handler.py:14][WARNING][读取文件失败：[Errno 2] No such file or directory: '/Users/Zane/PycharmProjects/zane/weektest2/ATM/db/egon.json']
[2018-04-13 19:08:01,499][MainThread:140735888581440][task_id:user][user.py:14][INFO][用户egon信息不存在！]
[2018-04-13 19:10:42,020][MainThread:140735888581440][task_id:db_handler][db_handler.py:14][WARNING][读取文件失败：[Errno 2] No such file or directory: '/Users/Zane/PycharmProjects/zane/weektest2/ATM/db/egon.json']
[2018-04-13 19:10:42,020][MainThread:140735888581440][task_id:user][user.py:14][INFO][用户egon信息不存在！]
[2018-04-13 19:11:07,168][MainThread:140735888581440][task_id:db_handler][db_handler.py:14][WARNING][读取文件失败：Expecting value: line 1 column 179 (char 178)]
[2018-04-13 19:11:07,169][MainThread:140735888581440][task_id:user][user.py:14][INFO][用户egon信息不存在！]
[2018-04-13 19:11:08,528][MainThread:140735888581440][task_id:db_handler][db_handler.py:23][WARNING][写入文件失败：Object of type 'datetime' is not JSON serializable]
[2018-04-13 19:11:08,529][MainThread:140735888581440][task_id:user][user.py:34][WARNING][用户注册失败！]
[2018-04-13 19:13:06,948][MainThread:140735888581440][task_id:db_handler][db_handler.py:14][WARNING][读取文件失败：[Errno 2] No such file or directory: '/Users/Zane/PycharmProjects/zane/weektest2/ATM/db/egon.json']
[2018-04-13 19:13:06,948][MainThread:140735888581440][task_id:user][user.py:14][INFO][用户egon信息不存在！]
[2018-04-13 19:13:15,136][MainThread:140735888581440][task_id:db_handler][db_handler.py:14][WARNING][读取文件失败：[Errno 2] No such file or directory: '/Users/Zane/PycharmProjects/zane/weektest2/ATM/db/egon.json']
[2018-04-13 19:13:15,139][MainThread:140735888581440][task_id:user][user.py:14][INFO][用户egon信息不存在！]
[2018-04-13 19:13:16,657][MainThread:140735888581440][task_id:db_handler][db_handler.py:23][WARNING][写入文件失败：Object of type 'datetime' is not JSON serializable]
[2018-04-13 19:13:16,657][MainThread:140735888581440][task_id:user][user.py:34][WARNING][用户注册失败！]
[2018-04-13 19:15:01,769][MainThread:140735888581440][task_id:db_handler][db_handler.py:14][WARNING][读取文件失败：[Errno 2] No such file or directory: '/Users/Zane/PycharmProjects/zane/weektest2/ATM/db/egon.json']
[2018-04-13 19:15:01,770][MainThread:140735888581440][task_id:user][user.py:14][INFO][用户egon信息不存在！]
[2018-04-13 19:15:03,910][MainThread:140735888581440][task_id:user][user.py:30][INFO][用户注册成功！]
[2018-04-13 19:15:31,220][MainThread:140735888581440][task_id:user][user.py:12][INFO][获取用户egon信息成功！]
[2018-04-13 19:16:15,332][MainThread:140735888581440][task_id:user][user.py:12][INFO][获取用户egon信息成功！]
[2018-04-13 19:16:20,143][MainThread:140735888581440][task_id:user][user.py:12][INFO][获取用户egon信息成功！]
[2018-04-13 19:16:51,557][MainThread:140735888581440][task_id:user][user.py:12][INFO][获取用户egon信息成功！]
[2018-04-13 19:16:54,146][MainThread:140735888581440][task_id:user][user.py:12][INFO][获取用户egon信息成功！]
[2018-04-13 19:17:10,395][MainThread:140735888581440][task_id:user][user.py:12][INFO][获取用户egon信息成功！]
[2018-04-13 19:17:12,348][MainThread:140735888581440][task_id:user][user.py:12][INFO][获取用户egon信息成功！]
[2018-04-13 19:17:18,898][MainThread:140735888581440][task_id:user][user.py:12][INFO][获取用户egon信息成功！]
[2018-04-13 19:18:05,194][MainThread:140735888581440][task_id:user][user.py:12][INFO][获取用户egon信息成功！]
[2018-04-13 19:18:07,549][MainThread:140735888581440][task_id:user][user.py:12][INFO][获取用户egon信息成功！]
[2018-04-13 19:18:08,823][MainThread:140735888581440][task_id:user][user.py:12][INFO][获取用户egon信息成功！]
[2018-04-13 19:18:32,427][MainThread:140735888581440][task_id:user][user.py:12][INFO][获取用户egon信息成功！]
[2018-04-13 19:19:08,193][MainThread:140735888581440][task_id:user][user.py:12][INFO][获取用户egon信息成功！]
[2018-04-13 19:19:44,165][MainThread:140735888581440][task_id:user][user.py:12][INFO][获取用户egon信息成功！]
[2018-04-13 19:21:53,234][MainThread:140735888581440][task_id:user][user.py:12][INFO][获取用户egon信息成功！]
[2018-04-13 19:22:20,358][MainThread:140735888581440][task_id:user][user.py:12][INFO][获取用户egon信息成功！]
[2018-04-13 19:27:33,631][MainThread:140735888581440][task_id:db_handler][db_handler.py:14][WARNING][读取文件失败：[Errno 2] No such file or directory: '/Users/Zane/PycharmProjects/zane/weektest2/ATM/db/None.json']
[2018-04-13 19:29:10,231][MainThread:140735888581440][task_id:user][user.py:12][INFO][获取用户egon信息成功！]
[2018-04-13 19:29:17,557][MainThread:140735888581440][task_id:user][user.py:12][INFO][获取用户egon信息成功！]
[2018-04-13 19:29:46,960][MainThread:140735888581440][task_id:user][user.py:12][INFO][获取用户egon信息成功！]
[2018-04-13 19:29:55,409][MainThread:140735888581440][task_id:user][user.py:12][INFO][获取用户egon信息成功！]
[2018-04-13 19:30:13,504][MainThread:140735888581440][task_id:user][user.py:12][INFO][获取用户egon信息成功！]
[2018-04-13 19:30:18,931][MainThread:140735888581440][task_id:user][user.py:12][INFO][获取用户egon信息成功！]
[2018-04-13 19:30:37,002][MainThread:140735888581440][task_id:user][user.py:12][INFO][获取用户egon信息成功！]
[2018-04-13 19:30:41,967][MainThread:140735888581440][task_id:user][user.py:12][INFO][获取用户egon信息成功！]
[2018-04-13 19:31:31,505][MainThread:140735888581440][task_id:user][user.py:12][INFO][获取用户egon信息成功！]
[2018-04-13 19:31:35,818][MainThread:140735888581440][task_id:user][user.py:12][INFO][获取用户egon信息成功！]
[2018-04-13 19:31:41,230][MainThread:140735888581440][task_id:user][user.py:12][INFO][获取用户egon信息成功！]
[2018-04-13 19:31:55,626][MainThread:140735888581440][task_id:user][user.py:12][INFO][获取用户egon信息成功！]
[2018-04-13 19:32:01,973][MainThread:140735888581440][task_id:user][user.py:12][INFO][获取用户egon信息成功！]
[2018-04-13 19:34:19,998][MainThread:140735888581440][task_id:user][user.py:12][INFO][获取用户egon信息成功！]
[2018-04-13 19:34:24,946][MainThread:140735888581440][task_id:user][user.py:12][INFO][获取用户egon信息成功！]
[2018-04-13 19:35:03,194][MainThread:140735888581440][task_id:db_handler][db_handler.py:14][WARNING][读取文件失败：[Errno 2] No such file or directory: '/Users/Zane/PycharmProjects/zane/weektest2/ATM/db/None.json']
[2018-04-13 19:35:03,194][MainThread:140735888581440][task_id:user][user.py:14][INFO][用户None信息不存在！]
[2018-04-13 19:35:34,377][MainThread:140735888581440][task_id:user][user.py:12][INFO][获取用户egon信息成功！]
[2018-04-13 19:37:11,724][MainThread:140735888581440][task_id:user][user.py:12][INFO][获取用户egon信息成功！]
[2018-04-13 19:38:02,072][MainThread:140735888581440][task_id:user][user.py:12][INFO][获取用户egon信息成功！]
[2018-04-13 19:38:21,320][MainThread:140735888581440][task_id:db_handler][db_handler.py:14][WARNING][读取文件失败：[Errno 2] No such file or directory: '/Users/Zane/PycharmProjects/zane/weektest2/ATM/db/quit.json']
[2018-04-13 19:38:21,320][MainThread:140735888581440][task_id:user][user.py:14][INFO][用户quit信息不存在！]
[2018-04-13 19:38:28,532][MainThread:140735888581440][task_id:db_handler][db_handler.py:14][WARNING][读取文件失败：[Errno 2] No such file or directory: '/Users/Zane/PycharmProjects/zane/weektest2/ATM/db/alex.json']
[2018-04-13 19:38:28,532][MainThread:140735888581440][task_id:user][user.py:14][INFO][用户alex信息不存在！]
[2018-04-13 19:38:35,824][MainThread:140735888581440][task_id:user][user.py:30][INFO][用户注册成功！]
[2018-04-13 19:38:57,331][MainThread:140735888581440][task_id:user][user.py:12][INFO][获取用户alex信息成功！]
[2018-04-13 19:39:34,109][MainThread:140735888581440][task_id:user][user.py:12][INFO][获取用户alex信息成功！]
[2018-04-13 19:41:01,613][MainThread:140735888581440][task_id:user][user.py:12][INFO][获取用户alex信息成功！]
[2018-04-13 19:41:12,256][MainThread:140735888581440][task_id:user][user.py:12][INFO][获取用户egon信息成功！]
[2018-04-13 19:41:58,195][MainThread:140735888581440][task_id:user][user.py:12][INFO][获取用户alex信息成功！]
[2018-04-13 19:42:15,366][MainThread:140735888581440][task_id:user][user.py:12][INFO][获取用户egon信息成功！]
[2018-04-13 19:42:38,728][MainThread:140735888581440][task_id:user][user.py:12][INFO][获取用户egon信息成功！]
[2018-04-13 19:43:10,346][MainThread:140735888581440][task_id:user][user.py:12][INFO][获取用户egon信息成功！]
[2018-04-13 19:44:37,160][MainThread:140735888581440][task_id:user][user.py:12][INFO][获取用户egon信息成功！]
[2018-04-13 19:44:39,915][MainThread:140735888581440][task_id:bank][bank.py:42][INFO][用户egon取现500元，手续费25.0元]
[2018-04-13 19:44:42,816][MainThread:140735888581440][task_id:user][user.py:12][INFO][获取用户egon信息成功！]
[2018-04-13 19:44:59,530][MainThread:140735888581440][task_id:user][user.py:12][INFO][获取用户egon信息成功！]
[2018-04-13 19:45:29,216][MainThread:140735888581440][task_id:user][user.py:12][INFO][获取用户egon信息成功！]
[2018-04-13 19:45:36,040][MainThread:140735888581440][task_id:bank][bank.py:31][INFO][用户egon还款525元]
[2018-04-13 19:45:46,300][MainThread:140735888581440][task_id:user][user.py:12][INFO][获取用户egon信息成功！]
[2018-04-13 19:46:44,031][MainThread:140735888581440][task_id:user][user.py:12][INFO][获取用户egon信息成功！]
[2018-04-13 19:47:14,733][MainThread:140735888581440][task_id:user][user.py:12][INFO][获取用户egon信息成功！]
[2018-04-13 19:47:20,664][MainThread:140735888581440][task_id:bank][bank.py:43][INFO][用户egon取现1000元，手续费50.0元]
[2018-04-13 19:47:22,865][MainThread:140735888581440][task_id:user][user.py:12][INFO][获取用户egon信息成功！]
[2018-04-13 19:47:30,646][MainThread:140735888581440][task_id:user][user.py:12][INFO][获取用户egon信息成功！]
[2018-04-13 19:48:24,121][MainThread:140735888581440][task_id:user][user.py:12][INFO][获取用户egon信息成功！]
[2018-04-13 19:48:32,319][MainThread:140735888581440][task_id:user][user.py:12][INFO][获取用户egon信息成功！]
[2018-04-13 19:49:08,152][MainThread:140735888581440][task_id:user][user.py:12][INFO][获取用户egon信息成功！]
[2018-04-13 19:49:42,398][MainThread:140735888581440][task_id:user][user.py:12][INFO][获取用户egon信息成功！]
[2018-04-13 19:49:47,069][MainThread:140735888581440][task_id:bank][bank.py:32][INFO][用户egon还款1050元]
[2018-04-13 19:50:08,611][MainThread:140735888581440][task_id:user][user.py:12][INFO][获取用户egon信息成功！]
[2018-04-13 19:50:39,393][MainThread:140735888581440][task_id:user][user.py:12][INFO][获取用户egon信息成功！]
[2018-04-13 19:51:10,897][MainThread:140735888581440][task_id:user][user.py:12][INFO][获取用户egon信息成功！]
[2018-04-13 19:51:13,843][MainThread:140735888581440][task_id:bank][bank.py:43][INFO][用户egon取现1000元，手续费50.0元]
[2018-04-13 19:51:18,931][MainThread:140735888581440][task_id:user][user.py:12][INFO][获取用户egon信息成功！]
[2018-04-13 19:51:57,188][MainThread:140735888581440][task_id:user][user.py:12][INFO][获取用户egon信息成功！]
[2018-04-13 19:52:12,159][MainThread:140735888581440][task_id:bank][bank.py:32][INFO][用户egon还款8元]
[2018-04-13 19:52:17,715][MainThread:140735888581440][task_id:user][user.py:12][INFO][获取用户egon信息成功！]
[2018-04-13 19:55:00,109][MainThread:140735888581440][task_id:user][user.py:12][INFO][获取用户egon信息成功！]
[2018-04-13 19:56:15,754][MainThread:140735888581440][task_id:user][user.py:12][INFO][获取用户egon信息成功！]
[2018-04-13 19:56:37,554][MainThread:140735888581440][task_id:user][user.py:12][INFO][获取用户egon信息成功！]
[2018-04-13 19:59:01,910][MainThread:140735888581440][task_id:user][user.py:12][INFO][获取用户egon信息成功！]
[2018-04-13 20:00:26,448][MainThread:140735888581440][task_id:user][user.py:12][INFO][获取用户egon信息成功！]
[2018-04-13 20:00:36,091][MainThread:140735888581440][task_id:user][user.py:12][INFO][获取用户egon信息成功！]
[2018-04-13 20:00:40,730][MainThread:140735888581440][task_id:user][user.py:12][INFO][获取用户egon信息成功！]
[2018-04-13 20:01:11,310][MainThread:140735888581440][task_id:user][user.py:12][INFO][获取用户egon信息成功！]
[2018-04-13 20:01:34,966][MainThread:140735888581440][task_id:user][user.py:12][INFO][获取用户egon信息成功！]
[2018-04-13 20:01:59,104][MainThread:140735888581440][task_id:user][user.py:12][INFO][获取用户egon信息成功！]
[2018-04-13 20:02:00,072][MainThread:140735888581440][task_id:user][user.py:12][INFO][获取用户egon信息成功！]
[2018-04-13 20:02:05,827][MainThread:140735888581440][task_id:user][user.py:12][INFO][获取用户egon信息成功！]
[2018-04-13 20:02:23,817][MainThread:140735888581440][task_id:user][user.py:12][INFO][获取用户alex信息成功！]
[2018-04-13 20:02:31,116][MainThread:140735888581440][task_id:user][user.py:12][INFO][获取用户egon信息成功！]
[2018-04-13 20:02:33,977][MainThread:140735888581440][task_id:user][user.py:12][INFO][获取用户egon信息成功！]
[2018-04-13 20:02:36,346][MainThread:140735888581440][task_id:bank][bank.py:43][INFO][用户egon取现1000元，手续费50.0元]
[2018-04-13 20:02:41,831][MainThread:140735888581440][task_id:user][user.py:12][INFO][获取用户egon信息成功！]
[2018-04-13 20:02:49,542][MainThread:140735888581440][task_id:user][user.py:12][INFO][获取用户egon信息成功！]
[2018-04-13 20:02:52,557][MainThread:140735888581440][task_id:bank][bank.py:43][INFO][用户egon取现500元，手续费25.0元]
[2018-04-13 20:02:59,762][MainThread:140735888581440][task_id:user][user.py:12][INFO][获取用户egon信息成功！]
[2018-04-13 20:03:20,721][MainThread:140735888581440][task_id:user][user.py:12][INFO][获取用户egon信息成功！]
[2018-04-13 20:03:26,066][MainThread:140735888581440][task_id:user][user.py:12][INFO][获取用户egon信息成功！]
[2018-04-13 20:03:29,405][MainThread:140735888581440][task_id:user][user.py:12][INFO][获取用户egon信息成功！]
[2018-04-13 20:03:33,706][MainThread:140735888581440][task_id:user][user.py:12][INFO][获取用户egon信息成功！]
[2018-04-13 20:03:37,686][MainThread:140735888581440][task_id:bank][bank.py:32][INFO][用户egon还款1575元]
[2018-04-13 20:03:41,007][MainThread:140735888581440][task_id:user][user.py:12][INFO][获取用户egon信息成功！]
[2018-04-13 20:03:57,330][MainThread:140735888581440][task_id:user][user.py:12][INFO][获取用户egon信息成功！]
[2018-04-13 20:03:58,753][MainThread:140735888581440][task_id:user][user.py:12][INFO][获取用户egon信息成功！]
[2018-04-13 20:04:03,441][MainThread:140735888581440][task_id:user][user.py:12][INFO][获取用户egon信息成功！]
[2018-04-13 20:04:29,781][MainThread:140735888581440][task_id:user][user.py:12][INFO][获取用户egon信息成功！]
[2018-04-13 20:04:54,026][MainThread:140735888581440][task_id:user][user.py:12][INFO][获取用户egon信息成功！]
[2018-04-13 20:05:09,841][MainThread:140735888581440][task_id:user][user.py:12][INFO][获取用户egon信息成功！]
[2018-04-17 15:05:14,146][MainThread:140735624860480][task_id:user][user.py:12][INFO][获取用户egon信息成功！]
[2018-04-17 15:05:27,947][MainThread:140735624860480][task_id:user][user.py:12][INFO][获取用户alex信息成功！]
[2018-04-17 15:05:36,246][MainThread:140735624860480][task_id:user][user.py:12][INFO][获取用户egon信息成功！]
[2018-04-17 15:05:45,985][MainThread:140735624860480][task_id:user][user.py:12][INFO][获取用户egon信息成功！]
[2018-04-17 15:06:09,331][MainThread:140735624860480][task_id:user][user.py:12][INFO][获取用户alex信息成功！]
[2018-04-17 15:08:37,908][MainThread:140735624860480][task_id:user][user.py:12][INFO][获取用户egon信息成功！]
[2018-04-17 15:08:41,047][MainThread:140735624860480][task_id:user][user.py:12][INFO][获取用户egon信息成功！]
[2018-04-17 15:09:23,449][MainThread:140735624860480][task_id:db_handler][db_handler.py:14][WARNING][读取文件失败：[Errno 2] No such file or directory: '/Users/Zane/PycharmProjects/zane/weektest/test2/ATM_zhanglong/db/123.json']
[2018-04-17 15:09:23,449][MainThread:140735624860480][task_id:user][user.py:14][INFO][用户123信息不存在！]
[2018-04-17 15:09:26,644][MainThread:140735624860480][task_id:user][user.py:12][INFO][获取用户egon信息成功！]
[2018-04-17 15:09:29,460][MainThread:140735624860480][task_id:user][user.py:12][INFO][获取用户egon信息成功！]
[2018-04-17 15:09:54,175][MainThread:140735624860480][task_id:db_handler][db_handler.py:14][WARNING][读取文件失败：[Errno 2] No such file or directory: '/Users/Zane/PycharmProjects/zane/weektest/test2/ATM_zhanglong/db/5.json']
[2018-04-17 15:09:54,175][MainThread:140735624860480][task_id:user][user.py:14][INFO][用户5信息不存在！]
[2018-04-17 15:09:58,592][MainThread:140735624860480][task_id:user][user.py:12][INFO][获取用户alex信息成功！]
[2018-04-17 15:10:00,566][MainThread:140735624860480][task_id:bank][bank.py:13][WARNING][用户{'name': 'egon', 'password': '3cf3b84daeb90287cbd2db1c2904d9cb', 'role': 'user', 'balance': 825, 'credit_limit': 15000, 'credit_balance': 15000.0, 'detailed_list': [['2018-04-13 20:02:25', '用户egon转账alex给100'], ['2018-04-13 20:02:25', '用户egon收款100从alex'], ['2018-04-13 20:02:36', '用户egon取现1000元，手续费50.0元'], ['2018-04-13 20:02:52', '用户egon取现500元，手续费25.0元'], ['2018-04-13 20:03:37', '用户egon还款1575元']], 'shopping_cart': {}, 'bill': 0.0}账户余额不足，转账失败！]
[2018-04-17 15:11:57,137][MainThread:140735624860480][task_id:user][user.py:12][INFO][获取用户egon信息成功！]
[2018-04-17 15:12:03,280][MainThread:140735624860480][task_id:user][user.py:12][INFO][获取用户alex信息成功！]
[2018-04-17 15:12:04,707][MainThread:140735624860480][task_id:bank][bank.py:13][WARNING][用户egon账户余额不足，转账失败！]
[2018-04-17 15:12:17,977][MainThread:140735624860480][task_id:db_handler][db_handler.py:14][WARNING][读取文件失败：[Errno 2] No such file or directory: '/Users/Zane/PycharmProjects/zane/weektest/test2/ATM_zhanglong/db/500.json']
[2018-04-17 15:12:17,977][MainThread:140735624860480][task_id:user][user.py:14][INFO][用户500信息不存在！]
[2018-04-17 15:12:21,050][MainThread:140735624860480][task_id:user][user.py:12][INFO][获取用户alex信息成功！]
[2018-04-17 15:12:26,666][MainThread:140735624860480][task_id:user][user.py:12][INFO][获取用户egon信息成功！]
[2018-04-17 15:12:40,648][MainThread:140735624860480][task_id:user][user.py:12][INFO][获取用户egon信息成功！]
[2018-04-17 15:14:00,837][MainThread:140735624860480][task_id:user][user.py:12][INFO][获取用户alex信息成功！]
[2018-04-17 15:14:04,108][MainThread:140735624860480][task_id:user][user.py:12][INFO][获取用户alex信息成功！]
[2018-04-17 15:14:20,840][MainThread:140735624860480][task_id:user][user.py:12][INFO][获取用户egon信息成功！]
[2018-04-17 15:14:25,250][MainThread:140735624860480][task_id:user][user.py:12][INFO][获取用户alex信息成功！]
[2018-04-17 15:14:35,316][MainThread:140735624860480][task_id:user][user.py:12][INFO][获取用户egon信息成功！]
[2018-04-17 15:14:37,882][MainThread:140735624860480][task_id:user][user.py:12][INFO][获取用户egon信息成功！]
[2018-04-17 15:14:51,896][MainThread:140735624860480][task_id:user][user.py:12][INFO][获取用户egon信息成功！]
[2018-04-17 15:15:28,776][MainThread:140735624860480][task_id:user][user.py:12][INFO][获取用户alex信息成功！]
[2018-04-17 15:15:34,088][MainThread:140735624860480][task_id:user][user.py:12][INFO][获取用户alex信息成功！]
[2018-04-17 15:16:34,147][MainThread:140735624860480][task_id:user][user.py:12][INFO][获取用户egon信息成功！]
[2018-04-17 15:16:44,032][MainThread:140735624860480][task_id:user][user.py:12][INFO][获取用户alex信息成功！]
[2018-04-17 15:16:52,526][MainThread:140735624860480][task_id:user][user.py:12][INFO][获取用户egon信息成功！]
[2018-04-17 15:17:00,878][MainThread:140735624860480][task_id:user][user.py:12][INFO][获取用户alex信息成功！]
[2018-04-17 15:17:06,579][MainThread:140735624860480][task_id:user][user.py:12][INFO][获取用户egon信息成功！]
[2018-04-17 15:17:13,722][MainThread:140735624860480][task_id:user][user.py:12][INFO][获取用户alex信息成功！]
[2018-04-17 15:17:19,903][MainThread:140735624860480][task_id:user][user.py:12][INFO][获取用户alex信息成功！]
[2018-04-17 15:17:25,865][MainThread:140735624860480][task_id:user][user.py:12][INFO][获取用户alex信息成功！]
