[2018-04-24 20:40:59,937][MainThread:140736039506752][task_id:user][user.py:25][INFO][用户egon注册成功！]
[2018-04-24 20:41:07,106][MainThread:140736039506752][task_id:user][user.py:13][INFO][用户egon登陆成功！]
[2018-04-24 20:41:20,054][MainThread:140736039506752][task_id:user][user.py:25][INFO][用户alex注册成功！]
[2018-04-24 20:41:43,662][MainThread:140736039506752][task_id:user][user.py:13][INFO][用户egon登陆成功！]
[2018-04-24 20:41:58,448][MainThread:140736039506752][task_id:user][user.py:33][INFO][用户egon获取账户余额信息！]
[2018-04-24 20:43:29,480][MainThread:140736039506752][task_id:user][user.py:13][INFO][用户egon登陆成功！]
[2018-04-24 20:43:35,453][MainThread:140736039506752][task_id:user][user.py:33][INFO][用户egon获取账户余额信息！]
[2018-04-24 20:43:36,554][MainThread:140736039506752][task_id:user][user.py:38][INFO][用户egon获取账户账单信息！]
[2018-04-24 20:43:42,363][MainThread:140736039506752][task_id:user][user.py:43][INFO][用户egon获取账户流水信息！]
[2018-04-24 20:58:25,695][MainThread:140736039506752][task_id:user][user.py:13][INFO][用户egon登陆成功！]
[2018-04-24 20:58:26,840][MainThread:140736039506752][task_id:user][user.py:33][INFO][用户egon获取账户余额信息！]
[2018-04-24 20:59:25,763][MainThread:140736039506752][task_id:user][user.py:16][INFO][用户egon密码错误！]
[2018-04-24 20:59:28,826][MainThread:140736039506752][task_id:user][user.py:13][INFO][用户egon登陆成功！]
[2018-04-24 20:59:31,612][MainThread:140736039506752][task_id:user][user.py:33][INFO][用户egon获取账户余额信息！]
[2018-04-24 21:00:27,515][MainThread:140736039506752][task_id:user][user.py:25][INFO][用户egon注册成功！]
[2018-04-24 21:00:34,667][MainThread:140736039506752][task_id:user][user.py:25][INFO][用户alex注册成功！]
[2018-04-24 21:00:40,171][MainThread:140736039506752][task_id:user][user.py:13][INFO][用户egon登陆成功！]
[2018-04-24 21:00:41,339][MainThread:140736039506752][task_id:user][user.py:33][INFO][用户egon获取账户余额信息！]
[2018-04-24 21:00:45,451][MainThread:140736039506752][task_id:bank][bank.py:15][INFO][用户egon充值1000元成功！]
[2018-04-24 21:00:48,214][MainThread:140736039506752][task_id:user][user.py:33][INFO][用户egon获取账户余额信息！]
[2018-04-24 21:00:57,438][MainThread:140736039506752][task_id:user][user.py:38][INFO][用户egon获取账户账单信息！]
[2018-04-24 21:01:01,979][MainThread:140736039506752][task_id:user][user.py:43][INFO][用户egon获取账户流水信息！]
[2018-04-24 21:01:42,882][MainThread:140736039506752][task_id:user][user.py:13][INFO][用户egon登陆成功！]
[2018-04-24 21:01:47,915][MainThread:140736039506752][task_id:user][user.py:43][INFO][用户egon获取账户流水信息！]
[2018-04-24 21:02:05,026][MainThread:140736039506752][task_id:bank][bank.py:32][INFO][用户egon给alex转账100元]
[2018-04-24 21:02:05,027][MainThread:140736039506752][task_id:bank][bank.py:37][INFO][用户alex收到egon转账100元成功！]
[2018-04-24 21:02:07,297][MainThread:140736039506752][task_id:user][user.py:33][INFO][用户egon获取账户余额信息！]
[2018-04-24 21:02:20,045][MainThread:140736039506752][task_id:user][user.py:13][INFO][用户alex登陆成功！]
[2018-04-24 21:02:21,362][MainThread:140736039506752][task_id:user][user.py:33][INFO][用户alex获取账户余额信息！]
[2018-04-24 21:02:31,230][MainThread:140736039506752][task_id:user][user.py:13][INFO][用户egon登陆成功！]
[2018-04-24 21:02:34,955][MainThread:140736039506752][task_id:user][user.py:33][INFO][用户egon获取账户余额信息！]
[2018-04-24 21:02:54,664][MainThread:140736039506752][task_id:user][user.py:13][INFO][用户egon登陆成功！]
[2018-04-24 21:03:02,277][MainThread:140736039506752][task_id:bank][bank.py:51][INFO][用户egon取现1000成功！]
[2018-04-24 21:03:04,442][MainThread:140736039506752][task_id:user][user.py:33][INFO][用户egon获取账户余额信息！]
[2018-04-24 21:03:15,800][MainThread:140736039506752][task_id:user][user.py:38][INFO][用户egon获取账户账单信息！]
[2018-04-24 21:03:18,812][MainThread:140736039506752][task_id:user][user.py:33][INFO][用户egon获取账户余额信息！]
[2018-04-24 21:03:19,889][MainThread:140736039506752][task_id:user][user.py:38][INFO][用户egon获取账户账单信息！]
[2018-04-24 21:03:24,066][MainThread:140736039506752][task_id:user][user.py:43][INFO][用户egon获取账户流水信息！]
[2018-04-24 21:03:38,596][MainThread:140736039506752][task_id:bank][bank.py:66][INFO][用户egon还款500成功，还需550.0还清本期账单！]
[2018-04-24 21:03:45,422][MainThread:140736039506752][task_id:user][user.py:33][INFO][用户egon获取账户余额信息！]
[2018-04-24 21:03:46,826][MainThread:140736039506752][task_id:user][user.py:38][INFO][用户egon获取账户账单信息！]
[2018-04-24 21:03:53,367][MainThread:140736039506752][task_id:user][user.py:43][INFO][用户egon获取账户流水信息！]
[2018-04-24 21:05:51,736][MainThread:140736039506752][task_id:user][user.py:13][INFO][用户alex登陆成功！]
[2018-04-24 21:05:52,554][MainThread:140736039506752][task_id:user][user.py:33][INFO][用户alex获取账户余额信息！]
[2018-04-24 21:05:53,594][MainThread:140736039506752][task_id:user][user.py:38][INFO][用户alex获取账户账单信息！]
[2018-04-24 21:05:58,126][MainThread:140736039506752][task_id:user][user.py:43][INFO][用户alex获取账户流水信息！]
[2018-04-24 21:06:07,450][MainThread:140736039506752][task_id:user][user.py:13][INFO][用户egon登陆成功！]
[2018-04-24 21:06:09,567][MainThread:140736039506752][task_id:user][user.py:33][INFO][用户egon获取账户余额信息！]
[2018-04-24 21:06:10,480][MainThread:140736039506752][task_id:user][user.py:38][INFO][用户egon获取账户账单信息！]
[2018-04-24 21:06:15,220][MainThread:140736039506752][task_id:user][user.py:43][INFO][用户egon获取账户流水信息！]
[2018-04-24 21:06:40,495][MainThread:140736039506752][task_id:user][user.py:38][INFO][用户egon获取账户账单信息！]
[2018-04-24 21:06:46,508][MainThread:140736039506752][task_id:bank][bank.py:74][INFO][用户egon还款550成功，本期账单已还清！]
[2018-04-24 21:06:49,810][MainThread:140736039506752][task_id:user][user.py:33][INFO][用户egon获取账户余额信息！]
[2018-04-24 21:08:17,355][MainThread:140736039506752][task_id:user][user.py:25][INFO][用户egon注册成功！]
[2018-04-24 21:08:32,478][MainThread:140736039506752][task_id:user][user.py:25][INFO][用户alex注册成功！]
[2018-04-24 21:08:40,846][MainThread:140736039506752][task_id:user][user.py:13][INFO][用户egon登陆成功！]
[2018-04-24 21:08:45,250][MainThread:140736039506752][task_id:user][user.py:33][INFO][用户egon获取账户余额信息！]
[2018-04-24 21:08:46,083][MainThread:140736039506752][task_id:user][user.py:38][INFO][用户egon获取账户账单信息！]
[2018-04-24 21:08:50,254][MainThread:140736039506752][task_id:user][user.py:43][INFO][用户egon获取账户流水信息！]
[2018-04-24 21:08:56,645][MainThread:140736039506752][task_id:bank][bank.py:15][INFO][用户egon充值1000元成功！]
[2018-04-24 21:09:02,654][MainThread:140736039506752][task_id:user][user.py:43][INFO][用户egon获取账户流水信息！]
[2018-04-24 21:09:06,687][MainThread:140736039506752][task_id:user][user.py:38][INFO][用户egon获取账户账单信息！]
[2018-04-24 21:09:08,159][MainThread:140736039506752][task_id:user][user.py:33][INFO][用户egon获取账户余额信息！]
[2018-04-24 21:11:14,789][MainThread:140736039506752][task_id:user][user.py:13][INFO][用户egon登陆成功！]
[2018-04-24 21:11:21,995][MainThread:140736039506752][task_id:bank][bank.py:32][INFO][用户egon给alex转账100元]
[2018-04-24 21:11:21,996][MainThread:140736039506752][task_id:bank][bank.py:37][INFO][用户alex收到egon转账100元成功！]
[2018-04-24 21:11:59,099][MainThread:140736039506752][task_id:user][user.py:13][INFO][用户egon登陆成功！]
[2018-04-24 21:12:09,844][MainThread:140736039506752][task_id:bank][bank.py:32][INFO][用户egon给转账100元]
[2018-04-24 21:13:57,227][MainThread:140736039506752][task_id:user][user.py:13][INFO][用户egon登陆成功！]
[2018-04-24 21:14:21,821][MainThread:140736039506752][task_id:bank][bank.py:32][INFO][用户egon给alex转账100元]
[2018-04-24 21:14:21,823][MainThread:140736039506752][task_id:bank][bank.py:37][INFO][用户alex收到egon转账100元成功！]
[2018-04-24 21:14:26,791][MainThread:140736039506752][task_id:user][user.py:43][INFO][用户egon获取账户流水信息！]
[2018-04-24 21:14:31,942][MainThread:140736039506752][task_id:bank][bank.py:51][INFO][用户egon取现1000成功！]
[2018-04-24 21:14:40,691][MainThread:140736039506752][task_id:user][user.py:43][INFO][用户egon获取账户流水信息！]
[2018-04-24 21:14:46,249][MainThread:140736039506752][task_id:user][user.py:33][INFO][用户egon获取账户余额信息！]
[2018-04-24 21:14:47,442][MainThread:140736039506752][task_id:user][user.py:38][INFO][用户egon获取账户账单信息！]
[2018-04-24 21:14:54,615][MainThread:140736039506752][task_id:bank][bank.py:76][INFO][用户egon还款1050成功，本期账单已还清！]
[2018-04-24 21:14:56,612][MainThread:140736039506752][task_id:user][user.py:33][INFO][用户egon获取账户余额信息！]
[2018-04-24 21:14:57,933][MainThread:140736039506752][task_id:user][user.py:38][INFO][用户egon获取账户账单信息！]
[2018-04-24 21:15:03,536][MainThread:140736039506752][task_id:user][user.py:43][INFO][用户egon获取账户流水信息！]
[2018-04-24 21:17:05,873][MainThread:140736039506752][task_id:user][user.py:13][INFO][用户alex登陆成功！]
[2018-04-24 21:17:08,045][MainThread:140736039506752][task_id:user][user.py:33][INFO][用户alex获取账户余额信息！]
[2018-04-24 21:17:13,434][MainThread:140736039506752][task_id:user][user.py:38][INFO][用户alex获取账户账单信息！]
[2018-04-24 21:17:19,133][MainThread:140736039506752][task_id:user][user.py:43][INFO][用户alex获取账户流水信息！]
[2018-04-24 21:17:30,975][MainThread:140736039506752][task_id:user][user.py:13][INFO][用户egon登陆成功！]
[2018-04-24 21:17:32,516][MainThread:140736039506752][task_id:user][user.py:33][INFO][用户egon获取账户余额信息！]
[2018-04-24 21:18:02,706][MainThread:140736039506752][task_id:user][user.py:33][INFO][用户egon获取账户余额信息！]
[2018-04-24 21:18:03,854][MainThread:140736039506752][task_id:user][user.py:38][INFO][用户egon获取账户账单信息！]
[2018-04-24 21:18:07,247][MainThread:140736039506752][task_id:user][user.py:43][INFO][用户egon获取账户流水信息！]
